<?xml version="1.0" encoding="UTF-8"?>
<!-- Generated by org.testng.reporters.JUnitReportReporter -->
<testsuite hostname="DESKTOP-HOF3APB" failures="0" tests="1" name="util.BrowserFactory" time="4.080" errors="0" timestamp="2023-12-09T11:22:46 CST" skipped="0">
  <testcase classname="util.BrowserFactory" name="init" time="4.080"/>
</testsuite> <!-- util.BrowserFactory -->
